=== puma startup: 2024-10-05 10:53:08 +0300 ===
=== puma startup: 2024-10-05 10:59:10 +0300 ===
=== puma startup: 2024-10-05 11:01:49 +0300 ===
=== puma startup: 2024-10-05 11:42:20 +0300 ===
=== puma startup: 2024-10-05 11:46:13 +0300 ===
=== puma startup: 2024-10-05 11:48:04 +0300 ===
=== puma startup: 2024-10-05 11:48:56 +0300 ===
=== puma startup: 2024-10-05 11:51:59 +0300 ===
=== puma startup: 2024-10-05 11:53:54 +0300 ===
=== puma startup: 2024-10-05 11:56:05 +0300 ===
=== puma startup: 2024-10-05 11:56:14 +0300 ===
=== puma startup: 2024-10-05 11:56:34 +0300 ===
=== puma startup: 2024-10-05 14:31:35 +0300 ===
=== puma startup: 2024-10-05 14:33:06 +0300 ===
=== puma startup: 2024-10-12 12:26:28 +0300 ===
=== puma startup: 2024-10-12 12:28:31 +0300 ===
=== puma startup: 2024-10-12 12:30:15 +0300 ===
=== puma startup: 2024-10-12 12:39:26 +0300 ===
=== puma startup: 2024-10-12 13:39:47 +0300 ===
=== puma startup: 2024-10-12 13:43:26 +0300 ===
=== puma startup: 2024-10-12 13:47:30 +0300 ===
=== puma startup: 2024-10-12 13:47:37 +0300 ===
Couldn't find a suitable web browser!

Set the BROWSER environment variable to your desired browser.

Warning: program returned non-zero exit code #256
WARNING: You don't seem to have any mimeinfo.cache files.
Try running the update-desktop-database command. If you
don't have this command you should install the
desktop-file-utils package. This package is available from
http://freedesktop.org/wiki/Software/desktop-file-utils/
No applications found for mimetype: text/html
./usr/bin/xdg-open: 882: x-www-browser: not found
/usr/bin/xdg-open: 882: firefox: not found
/usr/bin/xdg-open: 882: iceweasel: not found
/usr/bin/xdg-open: 882: seamonkey: not found
/usr/bin/xdg-open: 882: mozilla: not found
/usr/bin/xdg-open: 882: epiphany: not found
/usr/bin/xdg-open: 882: konqueror: not found
/usr/bin/xdg-open: 882: chromium: not found
/usr/bin/xdg-open: 882: chromium-browser: not found
/usr/bin/xdg-open: 882: google-chrome: not found
/usr/bin/xdg-open: 882: www-browser: not found
/usr/bin/xdg-open: 882: links2: not found
/usr/bin/xdg-open: 882: elinks: not found
/usr/bin/xdg-open: 882: links: not found
/usr/bin/xdg-open: 882: lynx: not found
/usr/bin/xdg-open: 882: w3m: not found
xdg-open: no method available for opening '/home/mutata/work/ruby/diablo/tmp/letter_opener/1728730075_798743_394ee74/rich.html'
=== puma startup: 2024-10-12 13:57:04 +0300 ===
=== puma startup: 2024-10-12 13:59:29 +0300 ===
=== puma startup: 2024-10-12 14:00:12 +0300 ===
Couldn't find a suitable web browser!

Set the BROWSER environment variable to your desired browser.

Warning: program returned non-zero exit code #256
WARNING: You don't seem to have any mimeinfo.cache files.
Try running the update-desktop-database command. If you
don't have this command you should install the
desktop-file-utils package. This package is available from
http://freedesktop.org/wiki/Software/desktop-file-utils/
No applications found for mimetype: text/html
./usr/bin/xdg-open: 882: x-www-browser: not found
/usr/bin/xdg-open: 882: firefox: not found
/usr/bin/xdg-open: 882: iceweasel: not found
/usr/bin/xdg-open: 882: seamonkey: not found
/usr/bin/xdg-open: 882: mozilla: not found
/usr/bin/xdg-open: 882: epiphany: not found
/usr/bin/xdg-open: 882: konqueror: not found
/usr/bin/xdg-open: 882: chromium: not found
/usr/bin/xdg-open: 882: chromium-browser: not found
/usr/bin/xdg-open: 882: google-chrome: not found
/usr/bin/xdg-open: 882: www-browser: not found
/usr/bin/xdg-open: 882: links2: not found
/usr/bin/xdg-open: 882: elinks: not found
/usr/bin/xdg-open: 882: links: not found
/usr/bin/xdg-open: 882: lynx: not found
/usr/bin/xdg-open: 882: w3m: not found
xdg-open: no method available for opening '/home/mutata/work/ruby/diablo/tmp/letter_opener/1728730841_7882082_570af5a/rich.html'
=== puma startup: 2024-10-12 14:01:32 +0300 ===
=== puma startup: 2024-10-12 14:07:08 +0300 ===
Couldn't find a suitable web browser!

Set the BROWSER environment variable to your desired browser.

Warning: program returned non-zero exit code #256
WARNING: You don't seem to have any mimeinfo.cache files.
Try running the update-desktop-database command. If you
don't have this command you should install the
desktop-file-utils package. This package is available from
http://freedesktop.org/wiki/Software/desktop-file-utils/
No applications found for mimetype: text/html
./usr/bin/xdg-open: 882: x-www-browser: not found
/usr/bin/xdg-open: 882: firefox: not found
/usr/bin/xdg-open: 882: iceweasel: not found
/usr/bin/xdg-open: 882: seamonkey: not found
/usr/bin/xdg-open: 882: mozilla: not found
/usr/bin/xdg-open: 882: epiphany: not found
/usr/bin/xdg-open: 882: konqueror: not found
/usr/bin/xdg-open: 882: chromium: not found
/usr/bin/xdg-open: 882: chromium-browser: not found
/usr/bin/xdg-open: 882: google-chrome: not found
/usr/bin/xdg-open: 882: www-browser: not found
/usr/bin/xdg-open: 882: links2: not found
/usr/bin/xdg-open: 882: elinks: not found
/usr/bin/xdg-open: 882: links: not found
/usr/bin/xdg-open: 882: lynx: not found
/usr/bin/xdg-open: 882: w3m: not found
xdg-open: no method available for opening '/home/mutata/work/ruby/diablo/tmp/letter_opener/1728731236_0347462_6aa39f1/rich.html'
=== puma startup: 2024-10-12 14:14:15 +0300 ===
=== puma startup: 2024-10-12 14:14:34 +0300 ===
Couldn't find a suitable web browser!

Set the BROWSER environment variable to your desired browser.

Warning: program returned non-zero exit code #256
WARNING: You don't seem to have any mimeinfo.cache files.
Try running the update-desktop-database command. If you
don't have this command you should install the
desktop-file-utils package. This package is available from
http://freedesktop.org/wiki/Software/desktop-file-utils/
No applications found for mimetype: text/html
./usr/bin/xdg-open: 882: x-www-browser: not found
/usr/bin/xdg-open: 882: firefox: not found
/usr/bin/xdg-open: 882: iceweasel: not found
/usr/bin/xdg-open: 882: seamonkey: not found
/usr/bin/xdg-open: 882: mozilla: not found
/usr/bin/xdg-open: 882: epiphany: not found
/usr/bin/xdg-open: 882: konqueror: not found
/usr/bin/xdg-open: 882: chromium: not found
/usr/bin/xdg-open: 882: chromium-browser: not found
/usr/bin/xdg-open: 882: google-chrome: not found
/usr/bin/xdg-open: 882: www-browser: not found
/usr/bin/xdg-open: 882: links2: not found
/usr/bin/xdg-open: 882: elinks: not found
/usr/bin/xdg-open: 882: links: not found
/usr/bin/xdg-open: 882: lynx: not found
/usr/bin/xdg-open: 882: w3m: not found
xdg-open: no method available for opening '/home/mutata/work/ruby/diablo/tmp/letter_opener/1728732206_6132395_858558d/rich.html'
Couldn't find a suitable web browser!

Set the BROWSER environment variable to your desired browser.

Warning: program returned non-zero exit code #256
WARNING: You don't seem to have any mimeinfo.cache files.
Try running the update-desktop-database command. If you
don't have this command you should install the
desktop-file-utils package. This package is available from
http://freedesktop.org/wiki/Software/desktop-file-utils/
No applications found for mimetype: text/html
./usr/bin/xdg-open: 882: x-www-browser: not found
/usr/bin/xdg-open: 882: firefox: not found
/usr/bin/xdg-open: 882: iceweasel: not found
/usr/bin/xdg-open: 882: seamonkey: not found
/usr/bin/xdg-open: 882: mozilla: not found
/usr/bin/xdg-open: 882: epiphany: not found
/usr/bin/xdg-open: 882: konqueror: not found
/usr/bin/xdg-open: 882: chromium: not found
/usr/bin/xdg-open: 882: chromium-browser: not found
/usr/bin/xdg-open: 882: google-chrome: not found
/usr/bin/xdg-open: 882: www-browser: not found
/usr/bin/xdg-open: 882: links2: not found
/usr/bin/xdg-open: 882: elinks: not found
/usr/bin/xdg-open: 882: links: not found
/usr/bin/xdg-open: 882: lynx: not found
/usr/bin/xdg-open: 882: w3m: not found
xdg-open: no method available for opening '/home/mutata/work/ruby/diablo/tmp/letter_opener/1728732219_3979585_d5d5b8c/rich.html'
Couldn't find a suitable web browser!

Set the BROWSER environment variable to your desired browser.

Warning: program returned non-zero exit code #256
WARNING: You don't seem to have any mimeinfo.cache files.
Try running the update-desktop-database command. If you
don't have this command you should install the
desktop-file-utils package. This package is available from
http://freedesktop.org/wiki/Software/desktop-file-utils/
No applications found for mimetype: text/html
./usr/bin/xdg-open: 882: x-www-browser: not found
/usr/bin/xdg-open: 882: firefox: not found
/usr/bin/xdg-open: 882: iceweasel: not found
/usr/bin/xdg-open: 882: seamonkey: not found
/usr/bin/xdg-open: 882: mozilla: not found
/usr/bin/xdg-open: 882: epiphany: not found
/usr/bin/xdg-open: 882: konqueror: not found
/usr/bin/xdg-open: 882: chromium: not found
/usr/bin/xdg-open: 882: chromium-browser: not found
/usr/bin/xdg-open: 882: google-chrome: not found
/usr/bin/xdg-open: 882: www-browser: not found
/usr/bin/xdg-open: 882: links2: not found
/usr/bin/xdg-open: 882: elinks: not found
/usr/bin/xdg-open: 882: links: not found
/usr/bin/xdg-open: 882: lynx: not found
/usr/bin/xdg-open: 882: w3m: not found
xdg-open: no method available for opening '/home/mutata/work/ruby/diablo/tmp/letter_opener/1728732235_8298078_e18059e/rich.html'
